details of each directory

Timestamp: 2025-02-25 18:30:04.859751+00:00
Directory: /info
Total Files: 4
Current Space Used: 0.9701 GB
Files Added: 0 (0.0 GB)
Files Deleted: 0 (0.0 GB)
Files Modified: 0 (0.0 GB)
-------------------
details of each directory

Timestamp: 2025-02-25 18:30:04.859751+00:00
Directory: /scratch
Total Files: 7
Current Space Used: 0.13194 GB
Files Added: 2 (0.1125 GB)
Files Deleted: 1 (0.0001 GB)
Files Modified: 0 (0.0 GB)
-------------------
details of each directory

Timestamp: 2025-02-25 18:30:04.859751+00:00
Directory: /projects
Total Files: 2
Current Space Used: 0.64593 GB
Files Added: 0 (0.0 GB)
Files Deleted: 0 (0.0 GB)
Files Modified: 1 (0.00029 GB)
-------------------
details of each directory

Timestamp: 2025-02-25 18:30:04.859751+00:00
Directory: /customers
Total Files: 6
Current Space Used: 0.11875 GB
Files Added: 1 (0.06143 GB)
Files Deleted: 0 (0.0 GB)
Files Modified: 1 (-0.02788 GB)
-------------------
details of each directory

Timestamp: 2025-02-25 18:40:04.498402+00:00
Directory: /info
Total Files: 4
Current Space Used: 0.37971 GB
Files Added: 1 (0.00022 GB)
Files Deleted: 1 (0.5906 GB)
Files Modified: 0 (0.0 GB)
-------------------
details of each directory

Timestamp: 2025-02-25 18:40:04.498402+00:00
Directory: /scratch
Total Files: 13
Current Space Used: 0.07338 GB
Files Added: 6 (0.031 GB)
Files Deleted: 0 (0.0 GB)
Files Modified: 2 (-0.08956 GB)
-------------------
details of each directory

Timestamp: 2025-02-25 18:40:04.498402+00:00
Directory: /projects
Total Files: 2
Current Space Used: 0.04052 GB
Files Added: 1 (0.03071 GB)
Files Deleted: 1 (0.63613 GB)
Files Modified: 0 (0.0 GB)
-------------------
details of each directory

Timestamp: 2025-02-25 18:40:04.498402+00:00
Directory: /customers
Total Files: 8
Current Space Used: 0.04376 GB
Files Added: 4 (0.0349 GB)
Files Deleted: 2 (0.05412 GB)
Files Modified: 2 (-0.05577 GB)
-------------------
details of each directory

Timestamp: 2025-02-25 18:50:04.032320+00:00
Directory: /info
Total Files: 6
Current Space Used: 0.46045 GB
Files Added: 3 (0.08122 GB)
Files Deleted: 1 (0.00028 GB)
Files Modified: 1 (-0.00021 GB)
-------------------
details of each directory

Timestamp: 2025-02-25 18:50:04.032320+00:00
Directory: /scratch
Total Files: 12
Current Space Used: 0.56849 GB
Files Added: 4 (0.52111 GB)
Files Deleted: 5 (0.02605 GB)
Files Modified: 1 (5e-05 GB)
-------------------
details of each directory

Timestamp: 2025-02-25 18:50:04.032320+00:00
Directory: /projects
Total Files: 3
Current Space Used: 0.01647 GB
Files Added: 1 (0.00206 GB)
Files Deleted: 0 (0.0 GB)
Files Modified: 2 (-0.02611 GB)
-------------------
details of each directory

Timestamp: 2025-02-25 18:50:04.032320+00:00
Directory: /customers
Total Files: 11
Current Space Used: 0.98132 GB
Files Added: 5 (0.94207 GB)
Files Deleted: 2 (0.00317 GB)
Files Modified: 1 (-0.00134 GB)
-------------------
details of each directory

Timestamp: 2025-02-25 19:00:12.184745+00:00
Directory: /info
Total Files: 11
Current Space Used: 0.43559 GB
Files Added: 6 (0.05552 GB)
Files Deleted: 1 (0.08044 GB)
Files Modified: 1 (6e-05 GB)
-------------------
details of each directory

Timestamp: 2025-02-25 19:00:12.184745+00:00
Directory: /scratch
Total Files: 17
Current Space Used: 0.57636 GB
Files Added: 5 (0.00579 GB)
Files Deleted: 0 (0.0 GB)
Files Modified: 3 (0.00208 GB)
-------------------
details of each directory

Timestamp: 2025-02-25 19:00:12.184745+00:00
Directory: /projects
Total Files: 5
Current Space Used: 0.04351 GB
Files Added: 3 (0.02816 GB)
Files Deleted: 1 (0.00166 GB)
Files Modified: 1 (0.00054 GB)
-------------------
details of each directory

Timestamp: 2025-02-25 19:00:12.184745+00:00
Directory: /customers
Total Files: 18
Current Space Used: 0.97681 GB
Files Added: 7 (0.00441 GB)
Files Deleted: 0 (0.0 GB)
Files Modified: 3 (-0.00892 GB)
-------------------
details of each directory

Timestamp: 2025-02-25 19:10:04.340107+00:00
Directory: /info
Total Files: 10
Current Space Used: 1.12467 GB
Files Added: 2 (0.69135 GB)
Files Deleted: 3 (0.00319 GB)
Files Modified: 1 (0.00092 GB)
-------------------
details of each directory

Timestamp: 2025-02-25 19:10:04.340107+00:00
Directory: /scratch
Total Files: 22
Current Space Used: 1.32626 GB
Files Added: 7 (0.77204 GB)
Files Deleted: 2 (0.02214 GB)
Files Modified: 0 (0.0 GB)
-------------------
details of each directory

Timestamp: 2025-02-25 19:10:04.340107+00:00
Directory: /projects
Total Files: 4
Current Space Used: 0.01576 GB
Files Added: 0 (0.0 GB)
Files Deleted: 1 (0.02775 GB)
Files Modified: 0 (0.0 GB)
-------------------
details of each directory

Timestamp: 2025-02-25 19:10:04.340107+00:00
Directory: /customers
Total Files: 20
Current Space Used: 1.02905 GB
Files Added: 5 (0.05478 GB)
Files Deleted: 3 (0.00211 GB)
Files Modified: 3 (-0.00044 GB)
-------------------
details of each directory

Timestamp: 2025-02-25 19:20:05.374705+00:00
Directory: /info
Total Files: 10
Current Space Used: 1.07566 GB
Files Added: 1 (0.00041 GB)
Files Deleted: 1 (0.0495 GB)
Files Modified: 2 (9e-05 GB)
-------------------
details of each directory

Timestamp: 2025-02-25 19:20:05.374705+00:00
Directory: /scratch
Total Files: 25
Current Space Used: 1.35917 GB
Files Added: 4 (0.03305 GB)
Files Deleted: 1 (0.00014 GB)
Files Modified: 0 (0.0 GB)
-------------------
details of each directory

Timestamp: 2025-02-25 19:20:05.374705+00:00
Directory: /projects
Total Files: 4
Current Space Used: 0.01608 GB
Files Added: 1 (0.0004 GB)
Files Deleted: 1 (7e-05 GB)
Files Modified: 0 (0.0 GB)
-------------------
details of each directory

Timestamp: 2025-02-25 19:20:05.374705+00:00
Directory: /customers
Total Files: 24
Current Space Used: 1.12916 GB
Files Added: 5 (0.12849 GB)
Files Deleted: 1 (0.02214 GB)
Files Modified: 2 (-0.00623 GB)
-------------------
details of each directory

Timestamp: 2025-02-25 19:30:05.835460+00:00
Directory: /info
Total Files: 12
Current Space Used: 1.84224 GB
Files Added: 4 (0.77827 GB)
Files Deleted: 2 (0.01169 GB)
Files Modified: 0 (0.0 GB)
-------------------
details of each directory

Timestamp: 2025-02-25 19:30:05.835460+00:00
Directory: /scratch
Total Files: 26
Current Space Used: 1.31126 GB
Files Added: 3 (0.0377 GB)
Files Deleted: 2 (0.08613 GB)
Files Modified: 1 (0.00052 GB)
-------------------
details of each directory

Timestamp: 2025-02-25 19:30:05.835460+00:00
Directory: /projects
Total Files: 5
Current Space Used: 0.01566 GB
Files Added: 1 (0.00032 GB)
Files Deleted: 0 (0.0 GB)
Files Modified: 2 (-0.00074 GB)
-------------------
details of each directory

Timestamp: 2025-02-25 19:30:05.835460+00:00
Directory: /customers
Total Files: 24
Current Space Used: 1.18976 GB
Files Added: 3 (0.06308 GB)
Files Deleted: 3 (0.00362 GB)
Files Modified: 4 (0.00114 GB)
-------------------
details of each directory

Timestamp: 2025-02-25 19:40:04.353040+00:00
Directory: /info
Total Files: 13
Current Space Used: 2.22995 GB
Files Added: 4 (0.80648 GB)
Files Deleted: 3 (0.41901 GB)
Files Modified: 2 (0.00023 GB)
-------------------
details of each directory

Timestamp: 2025-02-25 19:40:04.353040+00:00
Directory: /scratch
Total Files: 30
Current Space Used: 2.25956 GB
Files Added: 4 (0.94838 GB)
Files Deleted: 0 (0.0 GB)
Files Modified: 1 (-8e-05 GB)
-------------------
details of each directory

Timestamp: 2025-02-25 19:40:04.353040+00:00
Directory: /projects
Total Files: 7
Current Space Used: 0.11725 GB
Files Added: 3 (0.10139 GB)
Files Deleted: 1 (0.00032 GB)
Files Modified: 1 (0.00053 GB)
-------------------
details of each directory

Timestamp: 2025-02-25 19:40:04.353040+00:00
Directory: /customers
Total Files: 30
Current Space Used: 1.24935 GB
Files Added: 7 (0.06176 GB)
Files Deleted: 1 (0.00038 GB)
Files Modified: 3 (-0.00179 GB)
-------------------
details of each directory

Timestamp: 2025-02-25 19:50:08.783971+00:00
Directory: /info
Total Files: 13
Current Space Used: 2.06386 GB
Files Added: 1 (0.00032 GB)
Files Deleted: 1 (0.16641 GB)
Files Modified: 0 (0.0 GB)
-------------------
details of each directory

Timestamp: 2025-02-25 19:50:08.783971+00:00
Directory: /scratch
Total Files: 29
Current Space Used: 2.20426 GB
Files Added: 2 (0.00729 GB)
Files Deleted: 3 (0.06333 GB)
Files Modified: 2 (0.00073 GB)
-------------------
details of each directory

Timestamp: 2025-02-25 19:50:08.783971+00:00
Directory: /projects
Total Files: 7
Current Space Used: 0.78184 GB
Files Added: 1 (0.67825 GB)
Files Deleted: 1 (0.01457 GB)
Files Modified: 1 (0.0009 GB)
-------------------
details of each directory

Timestamp: 2025-02-25 19:50:08.783971+00:00
Directory: /customers
Total Files: 32
Current Space Used: 1.36064 GB
Files Added: 5 (0.14629 GB)
Files Deleted: 3 (0.03548 GB)
Files Modified: 1 (0.00048 GB)
-------------------
details of each directory

Timestamp: 2025-02-25 20:00:04.059446+00:00
Directory: /info
Total Files: 16
Current Space Used: 1.62082 GB
Files Added: 4 (0.29905 GB)
Files Deleted: 1 (0.7421 GB)
Files Modified: 0 (0.0 GB)
-------------------
details of each directory

Timestamp: 2025-02-25 20:00:04.059446+00:00
Directory: /scratch
Total Files: 36
Current Space Used: 2.37282 GB
Files Added: 7 (0.16816 GB)
Files Deleted: 0 (0.0 GB)
Files Modified: 4 (0.0004 GB)
-------------------
details of each directory

Timestamp: 2025-02-25 20:00:04.059446+00:00
Directory: /projects
Total Files: 11
Current Space Used: 0.81298 GB
Files Added: 4 (0.03119 GB)
Files Deleted: 0 (0.0 GB)
Files Modified: 1 (-5e-05 GB)
-------------------
details of each directory

Timestamp: 2025-02-25 20:00:04.059446+00:00
Directory: /customers
Total Files: 33
Current Space Used: 2.08556 GB
Files Added: 4 (0.81837 GB)
Files Deleted: 3 (0.08201 GB)
Files Modified: 2 (-0.01145 GB)
-------------------
details of each directory

Timestamp: 2025-02-25 20:10:04.254580+00:00
Directory: /info
Total Files: 19
Current Space Used: 1.74999 GB
Files Added: 4 (0.2034 GB)
Files Deleted: 1 (0.00053 GB)
Files Modified: 3 (-0.07369 GB)
-------------------
details of each directory

Timestamp: 2025-02-25 20:10:04.254580+00:00
Directory: /scratch
Total Files: 43
Current Space Used: 2.34862 GB
Files Added: 8 (0.68989 GB)
Files Deleted: 1 (0.71408 GB)
Files Modified: 0 (0.0 GB)
-------------------
details of each directory

Timestamp: 2025-02-25 20:10:04.254580+00:00
Directory: /projects
Total Files: 10
Current Space Used: 0.80937 GB
Files Added: 0 (0.0 GB)
Files Deleted: 1 (0.00445 GB)
Files Modified: 2 (0.00084 GB)
-------------------
details of each directory

Timestamp: 2025-02-25 20:10:04.254580+00:00
Directory: /customers
Total Files: 37
Current Space Used: 2.08981 GB
Files Added: 4 (0.00398 GB)
Files Deleted: 0 (0.0 GB)
Files Modified: 2 (0.00027 GB)
-------------------
details of each directory

Timestamp: 2025-02-25 20:20:04.012259+00:00
Directory: /info
Total Files: 20
Current Space Used: 1.82733 GB
Files Added: 1 (0.68668 GB)
Files Deleted: 0 (0.0 GB)
Files Modified: 1 (-0.60934 GB)
-------------------
details of each directory

Timestamp: 2025-02-25 20:20:04.012259+00:00
Directory: /scratch
Total Files: 45
Current Space Used: 2.46201 GB
Files Added: 4 (0.11953 GB)
Files Deleted: 2 (0.00335 GB)
Files Modified: 2 (-0.00278 GB)
-------------------
details of each directory

Timestamp: 2025-02-25 20:20:04.012259+00:00
Directory: /projects
Total Files: 12
Current Space Used: 0.90224 GB
Files Added: 3 (0.09372 GB)
Files Deleted: 1 (0.00028 GB)
Files Modified: 2 (-0.00056 GB)
-------------------
details of each directory

Timestamp: 2025-02-25 20:20:04.012259+00:00
Directory: /customers
Total Files: 37
Current Space Used: 2.02272 GB
Files Added: 6 (0.00782 GB)
Files Deleted: 6 (0.0571 GB)
Files Modified: 4 (-0.01781 GB)
-------------------
details of each directory

Timestamp: 2025-02-25 20:30:04.961752+00:00
Directory: /info
Total Files: 23
Current Space Used: 1.23815 GB
Files Added: 5 (0.12312 GB)
Files Deleted: 2 (0.45114 GB)
Files Modified: 3 (-0.26116 GB)
-------------------
details of each directory

Timestamp: 2025-02-25 20:30:04.961752+00:00
Directory: /scratch
Total Files: 47
Current Space Used: 2.18524 GB
Files Added: 5 (0.08697 GB)
Files Deleted: 3 (0.00302 GB)
Files Modified: 2 (-0.36071 GB)
-------------------
details of each directory

Timestamp: 2025-02-25 20:30:04.961752+00:00
Directory: /projects
Total Files: 9
Current Space Used: 0.80289 GB
Files Added: 0 (0.0 GB)
Files Deleted: 3 (0.09814 GB)
Files Modified: 2 (-0.00121 GB)
-------------------
details of each directory

Timestamp: 2025-02-25 20:30:04.961752+00:00
Directory: /customers
Total Files: 41
Current Space Used: 1.23331 GB
Files Added: 8 (0.01837 GB)
Files Deleted: 4 (0.75952 GB)
Files Modified: 2 (-0.04827 GB)
-------------------
details of each directory

Timestamp: 2025-02-25 20:40:07.391061+00:00
Directory: /info
Total Files: 19
Current Space Used: 0.45185 GB
Files Added: 2 (0.04811 GB)
Files Deleted: 6 (0.83514 GB)
Files Modified: 1 (0.00074 GB)
-------------------
details of each directory

Timestamp: 2025-02-25 20:40:07.391061+00:00
Directory: /scratch
Total Files: 52
Current Space Used: 2.20196 GB
Files Added: 6 (0.01825 GB)
Files Deleted: 1 (0.0015 GB)
Files Modified: 3 (-4e-05 GB)
-------------------
details of each directory

Timestamp: 2025-02-25 20:40:07.391061+00:00
Directory: /projects
Total Files: 8
Current Space Used: 0.77932 GB
Files Added: 1 (0.09693 GB)
Files Deleted: 2 (0.1205 GB)
Files Modified: 0 (0.0 GB)
-------------------
details of each directory

Timestamp: 2025-02-25 20:40:07.391061+00:00
Directory: /customers
Total Files: 45
Current Space Used: 1.21921 GB
Files Added: 8 (0.00724 GB)
Files Deleted: 4 (0.02139 GB)
Files Modified: 4 (6e-05 GB)
-------------------
details of each directory

Timestamp: 2025-02-25 20:50:09.307161+00:00
Directory: /info
Total Files: 22
Current Space Used: 0.58003 GB
Files Added: 5 (0.12784 GB)
Files Deleted: 2 (0.00024 GB)
Files Modified: 1 (0.00057 GB)
-------------------
details of each directory

Timestamp: 2025-02-25 20:50:09.307161+00:00
Directory: /scratch
Total Files: 54
Current Space Used: 2.40123 GB
Files Added: 4 (0.23235 GB)
Files Deleted: 2 (0.03451 GB)
Files Modified: 4 (0.00143 GB)
-------------------
details of each directory

Timestamp: 2025-02-25 20:50:09.307161+00:00
Directory: /projects
Total Files: 9
Current Space Used: 0.77928 GB
Files Added: 1 (6e-05 GB)
Files Deleted: 0 (0.0 GB)
Files Modified: 2 (-0.0001 GB)
-------------------
details of each directory

Timestamp: 2025-02-25 20:50:09.307161+00:00
Directory: /customers
Total Files: 48
Current Space Used: 0.90301 GB
Files Added: 9 (0.6409 GB)
Files Deleted: 6 (0.95765 GB)
Files Modified: 2 (0.00055 GB)
-------------------
details of each directory

Timestamp: 2025-02-25 21:00:04.283624+00:00
Directory: /info
Total Files: 25
Current Space Used: 1.56588 GB
Files Added: 3 (0.98508 GB)
Files Deleted: 0 (0.0 GB)
Files Modified: 1 (0.00077 GB)
-------------------
details of each directory

Timestamp: 2025-02-25 21:00:04.283624+00:00
Directory: /scratch
Total Files: 54
Current Space Used: 2.53758 GB
Files Added: 2 (0.14067 GB)
Files Deleted: 2 (0.00432 GB)
Files Modified: 0 (0.0 GB)
-------------------
details of each directory

Timestamp: 2025-02-25 21:00:04.283624+00:00
Directory: /projects
Total Files: 9
Current Space Used: 0.79999 GB
Files Added: 1 (0.0201 GB)
Files Deleted: 1 (0.00038 GB)
Files Modified: 2 (0.00098 GB)
-------------------
details of each directory

Timestamp: 2025-02-25 21:00:04.283624+00:00
Directory: /customers
Total Files: 48
Current Space Used: 0.33962 GB
Files Added: 3 (0.05566 GB)
Files Deleted: 3 (0.00425 GB)
Files Modified: 3 (-0.6148 GB)
-------------------
details of each directory

Timestamp: 2025-02-25 21:10:06.200443+00:00
Directory: /info
Total Files: 26
Current Space Used: 1.51169 GB
Files Added: 3 (0.10591 GB)
Files Deleted: 2 (0.1611 GB)
Files Modified: 3 (0.001 GB)
-------------------
details of each directory

Timestamp: 2025-02-25 21:10:06.200443+00:00
Directory: /scratch
Total Files: 61
Current Space Used: 2.58407 GB
Files Added: 9 (0.13868 GB)
Files Deleted: 2 (0.09221 GB)
Files Modified: 2 (2e-05 GB)
-------------------
details of each directory

Timestamp: 2025-02-25 21:10:06.200443+00:00
Directory: /projects
Total Files: 9
Current Space Used: 0.88656 GB
Files Added: 1 (0.08524 GB)
Files Deleted: 1 (1e-05 GB)
Files Modified: 1 (0.00135 GB)
-------------------
details of each directory

Timestamp: 2025-02-25 21:10:06.200443+00:00
Directory: /customers
Total Files: 51
Current Space Used: 0.34072 GB
Files Added: 5 (0.00647 GB)
Files Deleted: 2 (0.00204 GB)
Files Modified: 6 (-0.00334 GB)
-------------------
details of each directory

Timestamp: 2025-02-25 21:20:04.129895+00:00
Directory: /info
Total Files: 26
Current Space Used: 1.87078 GB
Files Added: 4 (0.48744 GB)
Files Deleted: 4 (0.11518 GB)
Files Modified: 4 (-0.01316 GB)
-------------------
details of each directory

Timestamp: 2025-02-25 21:20:04.129895+00:00
Directory: /scratch
Total Files: 63
Current Space Used: 2.63097 GB
Files Added: 5 (0.65605 GB)
Files Deleted: 3 (0.61101 GB)
Files Modified: 4 (0.00186 GB)
-------------------
details of each directory

Timestamp: 2025-02-25 21:20:04.129895+00:00
Directory: /projects
Total Files: 11
Current Space Used: 1.498 GB
Files Added: 2 (0.61056 GB)
Files Deleted: 0 (0.0 GB)
Files Modified: 1 (0.00087 GB)
-------------------
details of each directory

Timestamp: 2025-02-25 21:20:04.129895+00:00
Directory: /customers
Total Files: 52
Current Space Used: 0.42432 GB
Files Added: 5 (0.08571 GB)
Files Deleted: 4 (0.00109 GB)
Files Modified: 3 (-0.00101 GB)
-------------------
details of each directory

Timestamp: 2025-02-25 21:30:04.706713+00:00
Directory: /info
Total Files: 30
Current Space Used: 1.87169 GB
Files Added: 4 (0.00152 GB)
Files Deleted: 0 (0.0 GB)
Files Modified: 1 (-0.00061 GB)
-------------------
details of each directory

Timestamp: 2025-02-25 21:30:04.706713+00:00
Directory: /scratch
Total Files: 68
Current Space Used: 2.71366 GB
Files Added: 6 (0.08373 GB)
Files Deleted: 1 (0.00103 GB)
Files Modified: 0 (0.0 GB)
-------------------
details of each directory

Timestamp: 2025-02-25 21:30:04.706713+00:00
Directory: /projects
Total Files: 11
Current Space Used: 1.47696 GB
Files Added: 1 (0.00017 GB)
Files Deleted: 1 (0.0201 GB)
Files Modified: 2 (-0.00112 GB)
-------------------
details of each directory

Timestamp: 2025-02-25 21:30:04.706713+00:00
Directory: /customers
Total Files: 57
Current Space Used: 0.49137 GB
Files Added: 6 (0.06906 GB)
Files Deleted: 1 (0.00014 GB)
Files Modified: 7 (-0.00187 GB)
-------------------
details of each directory

Timestamp: 2025-02-25 21:40:04.399079+00:00
Directory: /info
Total Files: 29
Current Space Used: 1.04016 GB
Files Added: 3 (0.07888 GB)
Files Deleted: 4 (0.85882 GB)
Files Modified: 2 (-0.05159 GB)
-------------------
details of each directory

Timestamp: 2025-02-25 21:40:04.399079+00:00
Directory: /scratch
Total Files: 71
Current Space Used: 2.85316 GB
Files Added: 6 (0.14405 GB)
Files Deleted: 3 (0.00455 GB)
Files Modified: 0 (0.0 GB)
-------------------
details of each directory

Timestamp: 2025-02-25 21:40:04.399079+00:00
Directory: /projects
Total Files: 11
Current Space Used: 1.47773 GB
Files Added: 0 (0.0 GB)
Files Deleted: 0 (0.0 GB)
Files Modified: 2 (0.00077 GB)
-------------------
details of each directory

Timestamp: 2025-02-25 21:40:04.399079+00:00
Directory: /customers
Total Files: 61
Current Space Used: 1.30157 GB
Files Added: 6 (0.86808 GB)
Files Deleted: 2 (0.05707 GB)
Files Modified: 1 (-0.00081 GB)
-------------------
details of each directory

Timestamp: 2025-02-25 21:50:04.349615+00:00
Directory: /info
Total Files: 29
Current Space Used: 2.31138 GB
Files Added: 3 (1.66977 GB)
Files Deleted: 3 (0.03464 GB)
Files Modified: 5 (-0.3639 GB)
-------------------
details of each directory

Timestamp: 2025-02-25 21:50:04.349615+00:00
Directory: /scratch
Total Files: 73
Current Space Used: 2.83489 GB
Files Added: 6 (0.00495 GB)
Files Deleted: 4 (0.02205 GB)
Files Modified: 2 (-0.00117 GB)
-------------------
details of each directory

Timestamp: 2025-02-25 21:50:04.349615+00:00
Directory: /projects
Total Files: 14
Current Space Used: 1.86955 GB
Files Added: 3 (0.39182 GB)
Files Deleted: 0 (0.0 GB)
Files Modified: 0 (0.0 GB)
-------------------
details of each directory

Timestamp: 2025-02-25 21:50:04.349615+00:00
Directory: /customers
Total Files: 64
Current Space Used: 1.28172 GB
Files Added: 7 (0.06411 GB)
Files Deleted: 4 (0.08396 GB)
Files Modified: 0 (0.0 GB)
-------------------
details of each directory

Timestamp: 2025-02-25 22:00:09.755685+00:00
Directory: /info
Total Files: 29
Current Space Used: 2.31166 GB
Files Added: 0 (0.0 GB)
Files Deleted: 0 (0.0 GB)
Files Modified: 1 (0.00028 GB)
-------------------
details of each directory

Timestamp: 2025-02-25 22:00:09.755685+00:00
Directory: /scratch
Total Files: 80
Current Space Used: 2.96974 GB
Files Added: 8 (0.13461 GB)
Files Deleted: 1 (0.0004 GB)
Files Modified: 1 (0.00065 GB)
-------------------
details of each directory

Timestamp: 2025-02-25 22:00:09.755685+00:00
Directory: /projects
Total Files: 15
Current Space Used: 1.77264 GB
Files Added: 1 (0.00366 GB)
Files Deleted: 0 (0.0 GB)
Files Modified: 2 (-0.10056 GB)
-------------------
details of each directory

Timestamp: 2025-02-25 22:00:09.755685+00:00
Directory: /customers
Total Files: 66
Current Space Used: 0.46203 GB
Files Added: 5 (0.04009 GB)
Files Deleted: 3 (0.86085 GB)
Files Modified: 5 (0.00107 GB)
-------------------
details of each directory

Timestamp: 2025-02-25 22:10:04.225969+00:00
Directory: /info
Total Files: 32
Current Space Used: 3.0412 GB
Files Added: 3 (0.73214 GB)
Files Deleted: 0 (0.0 GB)
Files Modified: 1 (-0.0026 GB)
-------------------
details of each directory

Timestamp: 2025-02-25 22:10:04.225969+00:00
Directory: /scratch
Total Files: 83
Current Space Used: 3.01035 GB
Files Added: 6 (0.697 GB)
Files Deleted: 3 (0.65639 GB)
Files Modified: 0 (0.0 GB)
-------------------
details of each directory

Timestamp: 2025-02-25 22:10:04.225969+00:00
Directory: /projects
Total Files: 16
Current Space Used: 1.77332 GB
Files Added: 1 (0.00025 GB)
Files Deleted: 0 (0.0 GB)
Files Modified: 2 (0.00043 GB)
-------------------
details of each directory

Timestamp: 2025-02-25 22:10:04.225969+00:00
Directory: /customers
Total Files: 75
Current Space Used: 0.52651 GB
Files Added: 9 (0.06297 GB)
Files Deleted: 0 (0.0 GB)
Files Modified: 4 (0.00151 GB)
-------------------
details of each directory

Timestamp: 2025-02-25 22:20:04.713681+00:00
Directory: /info
Total Files: 35
Current Space Used: 4.82892 GB
Files Added: 3 (1.78772 GB)
Files Deleted: 0 (0.0 GB)
Files Modified: 0 (0.0 GB)
-------------------
details of each directory

Timestamp: 2025-02-25 22:20:04.713681+00:00
Directory: /scratch
Total Files: 86
Current Space Used: 3.0211 GB
Files Added: 4 (0.01336 GB)
Files Deleted: 1 (0.00182 GB)
Files Modified: 3 (-0.00079 GB)
-------------------
details of each directory

Timestamp: 2025-02-25 22:20:04.713681+00:00
Directory: /projects
Total Files: 16
Current Space Used: 1.67871 GB
Files Added: 1 (0.00027 GB)
Files Deleted: 1 (0.07005 GB)
Files Modified: 3 (-0.02483 GB)
-------------------
details of each directory

Timestamp: 2025-02-25 22:20:04.713681+00:00
Directory: /customers
Total Files: 80
Current Space Used: 0.6107 GB
Files Added: 7 (0.14465 GB)
Files Deleted: 2 (0.06066 GB)
Files Modified: 1 (0.0002 GB)
-------------------
details of each directory

Timestamp: 2025-02-25 22:30:07.068254+00:00
Directory: /info
Total Files: 35
Current Space Used: 4.83261 GB
Files Added: 1 (0.09057 GB)
Files Deleted: 1 (0.08688 GB)
Files Modified: 0 (0.0 GB)
-------------------
details of each directory

Timestamp: 2025-02-25 22:30:07.068254+00:00
Directory: /scratch
Total Files: 89
Current Space Used: 3.47302 GB
Files Added: 4 (1.07711 GB)
Files Deleted: 1 (0.62519 GB)
Files Modified: 0 (0.0 GB)
-------------------
details of each directory

Timestamp: 2025-02-25 22:30:07.068254+00:00
Directory: /projects
Total Files: 15
Current Space Used: 0.81482 GB
Files Added: 0 (0.0 GB)
Files Deleted: 1 (0.58007 GB)
Files Modified: 2 (-0.28382 GB)
-------------------
details of each directory

Timestamp: 2025-02-25 22:30:07.068254+00:00
Directory: /customers
Total Files: 84
Current Space Used: 0.66528 GB
Files Added: 5 (0.05509 GB)
Files Deleted: 1 (0.00031 GB)
Files Modified: 4 (-0.0002 GB)
-------------------
details of each directory

Timestamp: 2025-02-25 22:40:05.259857+00:00
Directory: /info
Total Files: 36
Current Space Used: 5.07408 GB
Files Added: 3 (0.2468 GB)
Files Deleted: 2 (0.00503 GB)
Files Modified: 3 (-0.0003 GB)
-------------------
details of each directory

Timestamp: 2025-02-25 22:40:05.259857+00:00
Directory: /scratch
Total Files: 91
Current Space Used: 3.85411 GB
Files Added: 4 (0.41412 GB)
Files Deleted: 2 (0.03382 GB)
Files Modified: 2 (0.00079 GB)
-------------------
details of each directory

Timestamp: 2025-02-25 22:40:05.259857+00:00
Directory: /projects
Total Files: 16
Current Space Used: 0.76432 GB
Files Added: 2 (0.01657 GB)
Files Deleted: 1 (0.00027 GB)
Files Modified: 3 (-0.0668 GB)
-------------------
details of each directory

Timestamp: 2025-02-25 22:40:05.259857+00:00
Directory: /customers
Total Files: 81
Current Space Used: 0.6748 GB
Files Added: 3 (0.01574 GB)
Files Deleted: 6 (0.00633 GB)
Files Modified: 5 (0.0001 GB)
-------------------
details of each directory

Timestamp: 2025-02-25 22:50:05.062637+00:00
Directory: /info
Total Files: 37
Current Space Used: 4.82424 GB
Files Added: 3 (0.03583 GB)
Files Deleted: 2 (0.24171 GB)
Files Modified: 2 (-0.04396 GB)
-------------------
details of each directory

Timestamp: 2025-02-25 22:50:05.062637+00:00
Directory: /scratch
Total Files: 93
Current Space Used: 3.86549 GB
Files Added: 2 (0.01139 GB)
Files Deleted: 0 (0.0 GB)
Files Modified: 0 (0.0 GB)
-------------------
details of each directory

Timestamp: 2025-02-25 22:50:05.062637+00:00
Directory: /projects
Total Files: 20
Current Space Used: 1.81966 GB
Files Added: 4 (1.05534 GB)
Files Deleted: 0 (0.0 GB)
Files Modified: 0 (0.0 GB)
-------------------
details of each directory

Timestamp: 2025-02-25 22:50:05.062637+00:00
Directory: /customers
Total Files: 88
Current Space Used: 1.66581 GB
Files Added: 7 (0.9898 GB)
Files Deleted: 0 (0.0 GB)
Files Modified: 3 (0.00121 GB)
-------------------
details of each directory

Timestamp: 2025-02-25 23:00:03.832729+00:00
Directory: /info
Total Files: 44
Current Space Used: 5.22956 GB
Files Added: 7 (0.40456 GB)
Files Deleted: 0 (0.0 GB)
Files Modified: 1 (0.00076 GB)
-------------------
details of each directory

Timestamp: 2025-02-25 23:00:03.832729+00:00
Directory: /scratch
Total Files: 102
Current Space Used: 3.98475 GB
Files Added: 10 (0.11882 GB)
Files Deleted: 1 (0.00025 GB)
Files Modified: 2 (0.00069 GB)
-------------------
details of each directory

Timestamp: 2025-02-25 23:00:03.832729+00:00
Directory: /projects
Total Files: 21
Current Space Used: 1.85408 GB
Files Added: 2 (0.03831 GB)
Files Deleted: 1 (0.0039 GB)
Files Modified: 0 (0.0 GB)
-------------------
details of each directory

Timestamp: 2025-02-25 23:00:03.832729+00:00
Directory: /customers
Total Files: 89
Current Space Used: 1.64215 GB
Files Added: 3 (0.00656 GB)
Files Deleted: 2 (0.00223 GB)
Files Modified: 2 (-0.02798 GB)
-------------------
details of each directory

Timestamp: 2025-02-25 23:10:04.425495+00:00
Directory: /info
Total Files: 42
Current Space Used: 4.36694 GB
Files Added: 2 (0.00248 GB)
Files Deleted: 4 (0.85438 GB)
Files Modified: 2 (-0.01072 GB)
-------------------
details of each directory

Timestamp: 2025-02-25 23:10:04.425495+00:00
Directory: /scratch
Total Files: 101
Current Space Used: 4.01703 GB
Files Added: 2 (0.0699 GB)
Files Deleted: 3 (0.00665 GB)
Files Modified: 6 (-0.03097 GB)
-------------------
details of each directory

Timestamp: 2025-02-25 23:10:04.425495+00:00
Directory: /projects
Total Files: 24
Current Space Used: 1.8743 GB
Files Added: 4 (0.02059 GB)
Files Deleted: 1 (0.00036 GB)
Files Modified: 0 (0.0 GB)
-------------------
details of each directory

Timestamp: 2025-02-25 23:10:04.425495+00:00
Directory: /customers
Total Files: 91
Current Space Used: 1.77756 GB
Files Added: 4 (0.13969 GB)
Files Deleted: 2 (0.00332 GB)
Files Modified: 4 (-0.00096 GB)
-------------------
details of each directory

Timestamp: 2025-02-25 23:20:56.102477+00:00
Directory: /info
Total Files: 45
Current Space Used: 5.12397 GB
Files Added: 4 (0.79235 GB)
Files Deleted: 1 (0.03482 GB)
Files Modified: 5 (-0.0005 GB)
-------------------
details of each directory

Timestamp: 2025-02-25 23:20:56.102477+00:00
Directory: /scratch
Total Files: 107
Current Space Used: 4.22737 GB
Files Added: 7 (0.21063 GB)
Files Deleted: 1 (0.00033 GB)
Files Modified: 2 (4e-05 GB)
-------------------
details of each directory

Timestamp: 2025-02-25 23:20:56.102477+00:00
Directory: /projects
Total Files: 23
Current Space Used: 1.15157 GB
Files Added: 0 (0.0 GB)
Files Deleted: 1 (0.0041 GB)
Files Modified: 2 (-0.71863 GB)
-------------------
details of each directory

Timestamp: 2025-02-25 23:20:56.102477+00:00
Directory: /customers
Total Files: 93
Current Space Used: 1.993 GB
Files Added: 4 (0.21486 GB)
Files Deleted: 2 (0.0002 GB)
Files Modified: 4 (0.00078 GB)
-------------------
details of each directory

Timestamp: 2025-02-25 23:30:04.608352+00:00
Directory: /info
Total Files: 48
Current Space Used: 5.31025 GB
Files Added: 3 (0.19122 GB)
Files Deleted: 0 (0.0 GB)
Files Modified: 1 (-0.00494 GB)
-------------------
details of each directory

Timestamp: 2025-02-25 23:30:04.608352+00:00
Directory: /scratch
Total Files: 110
Current Space Used: 4.96653 GB
Files Added: 4 (0.78922 GB)
Files Deleted: 1 (2e-05 GB)
Files Modified: 2 (-0.05004 GB)
-------------------
details of each directory

Timestamp: 2025-02-25 23:30:04.608352+00:00
Directory: /projects
Total Files: 24
Current Space Used: 1.13034 GB
Files Added: 2 (0.00042 GB)
Files Deleted: 1 (0.00303 GB)
Files Modified: 1 (-0.01862 GB)
-------------------
details of each directory

Timestamp: 2025-02-25 23:30:04.608352+00:00
Directory: /customers
Total Files: 94
Current Space Used: 1.9613 GB
Files Added: 3 (0.00187 GB)
Files Deleted: 2 (0.0336 GB)
Files Modified: 4 (3e-05 GB)
-------------------
details of each directory

Timestamp: 2025-02-25 23:40:04.434673+00:00
Directory: /info
Total Files: 50
Current Space Used: 5.32555 GB
Files Added: 2 (0.01797 GB)
Files Deleted: 0 (0.0 GB)
Files Modified: 3 (-0.00267 GB)
-------------------
details of each directory

Timestamp: 2025-02-25 23:40:04.434673+00:00
Directory: /scratch
Total Files: 112
Current Space Used: 5.26031 GB
Files Added: 4 (0.2939 GB)
Files Deleted: 2 (0.00045 GB)
Files Modified: 1 (0.00032 GB)
-------------------
details of each directory

Timestamp: 2025-02-25 23:40:04.434673+00:00
Directory: /projects
Total Files: 26
Current Space Used: 1.13902 GB
Files Added: 2 (0.00874 GB)
Files Deleted: 0 (0.0 GB)
Files Modified: 2 (-6e-05 GB)
-------------------
details of each directory

Timestamp: 2025-02-25 23:40:04.434673+00:00
Directory: /customers
Total Files: 91
Current Space Used: 1.99703 GB
Files Added: 2 (0.11319 GB)
Files Deleted: 5 (0.07698 GB)
Files Modified: 2 (-0.00047 GB)
-------------------
details of each directory

Timestamp: 2025-02-25 23:50:12.436890+00:00
Directory: /info
Total Files: 54
Current Space Used: 5.72407 GB
Files Added: 6 (0.39884 GB)
Files Deleted: 2 (0.00032 GB)
Files Modified: 0 (0.0 GB)
-------------------
details of each directory

Timestamp: 2025-02-25 23:50:12.436890+00:00
Directory: /scratch
Total Files: 113
Current Space Used: 4.46915 GB
Files Added: 4 (0.00144 GB)
Files Deleted: 3 (0.79385 GB)
Files Modified: 2 (0.00125 GB)
-------------------
details of each directory

Timestamp: 2025-02-25 23:50:12.436890+00:00
Directory: /projects
Total Files: 28
Current Space Used: 1.1232 GB
Files Added: 3 (0.00069 GB)
Files Deleted: 1 (0.01621 GB)
Files Modified: 3 (-0.00031 GB)
-------------------
details of each directory

Timestamp: 2025-02-25 23:50:12.436890+00:00
Directory: /customers
Total Files: 93
Current Space Used: 2.02739 GB
Files Added: 5 (0.04744 GB)
Files Deleted: 3 (0.01708 GB)
Files Modified: 0 (0.0 GB)
-------------------
details of each directory

Timestamp: 2025-02-26 00:00:04.750487+00:00
Directory: /info
Total Files: 55
Current Space Used: 6.40374 GB
Files Added: 3 (0.78964 GB)
Files Deleted: 2 (0.10996 GB)
Files Modified: 0 (0.0 GB)
-------------------
details of each directory

Timestamp: 2025-02-26 00:00:04.750487+00:00
Directory: /scratch
Total Files: 117
Current Space Used: 4.45685 GB
Files Added: 7 (0.01033 GB)
Files Deleted: 3 (0.01241 GB)
Files Modified: 3 (-0.0102 GB)
-------------------
details of each directory

Timestamp: 2025-02-26 00:00:04.750487+00:00
Directory: /projects
Total Files: 28
Current Space Used: 1.45668 GB
Files Added: 1 (0.35454 GB)
Files Deleted: 1 (0.00132 GB)
Files Modified: 2 (-0.01975 GB)
-------------------
details of each directory

Timestamp: 2025-02-26 00:00:04.750487+00:00
Directory: /customers
Total Files: 96
Current Space Used: 2.40075 GB
Files Added: 6 (0.37748 GB)
Files Deleted: 3 (0.00459 GB)
Files Modified: 3 (0.00048 GB)
-------------------
details of each directory

Timestamp: 2025-02-26 00:10:05.215831+00:00
Directory: /info
Total Files: 55
Current Space Used: 5.72673 GB
Files Added: 2 (0.00223 GB)
Files Deleted: 2 (0.67944 GB)
Files Modified: 2 (0.0002 GB)
-------------------
details of each directory

Timestamp: 2025-02-26 00:10:05.215831+00:00
Directory: /scratch
Total Files: 126
Current Space Used: 4.72634 GB
Files Added: 10 (0.35425 GB)
Files Deleted: 1 (0.00019 GB)
Files Modified: 1 (-0.08458 GB)
-------------------
details of each directory

Timestamp: 2025-02-26 00:10:05.215831+00:00
Directory: /projects
Total Files: 29
Current Space Used: 1.46188 GB
Files Added: 2 (0.00526 GB)
Files Deleted: 1 (6e-05 GB)
Files Modified: 0 (0.0 GB)
-------------------
details of each directory

Timestamp: 2025-02-26 00:10:05.215831+00:00
Directory: /customers
Total Files: 95
Current Space Used: 2.40169 GB
Files Added: 2 (0.06578 GB)
Files Deleted: 3 (0.06482 GB)
Files Modified: 1 (-2e-05 GB)
-------------------
details of each directory

Timestamp: 2025-02-26 00:20:04.730575+00:00
Directory: /info
Total Files: 60
Current Space Used: 6.36093 GB
Files Added: 5 (0.63419 GB)
Files Deleted: 0 (0.0 GB)
Files Modified: 0 (0.0 GB)
-------------------
details of each directory

Timestamp: 2025-02-26 00:20:04.730575+00:00
Directory: /scratch
Total Files: 130
Current Space Used: 4.80337 GB
Files Added: 4 (0.10955 GB)
Files Deleted: 0 (0.0 GB)
Files Modified: 4 (-0.03252 GB)
-------------------
details of each directory

Timestamp: 2025-02-26 00:20:04.730575+00:00
Directory: /projects
Total Files: 30
Current Space Used: 1.1162 GB
Files Added: 2 (0.00907 GB)
Files Deleted: 1 (0.35454 GB)
Files Modified: 1 (-0.00021 GB)
-------------------
details of each directory

Timestamp: 2025-02-26 00:20:04.730575+00:00
Directory: /customers
Total Files: 94
Current Space Used: 2.21523 GB
Files Added: 6 (0.00802 GB)
Files Deleted: 7 (0.19448 GB)
Files Modified: 1 (1e-05 GB)
-------------------
details of each directory

Timestamp: 2025-02-26 00:30:05.398063+00:00
Directory: /info
Total Files: 61
Current Space Used: 7.19267 GB
Files Added: 1 (0.83079 GB)
Files Deleted: 0 (0.0 GB)
Files Modified: 1 (0.00095 GB)
-------------------
details of each directory

Timestamp: 2025-02-26 00:30:05.398063+00:00
Directory: /scratch
Total Files: 136
Current Space Used: 5.40861 GB
Files Added: 8 (0.688 GB)
Files Deleted: 2 (0.08272 GB)
Files Modified: 1 (-4e-05 GB)
-------------------
details of each directory

Timestamp: 2025-02-26 00:30:05.398063+00:00
Directory: /projects
Total Files: 31
Current Space Used: 1.18724 GB
Files Added: 1 (0.07129 GB)
Files Deleted: 0 (0.0 GB)
Files Modified: 3 (-0.00025 GB)
-------------------
details of each directory

Timestamp: 2025-02-26 00:30:05.398063+00:00
Directory: /customers
Total Files: 97
Current Space Used: 2.12509 GB
Files Added: 8 (0.01377 GB)
Files Deleted: 5 (0.00793 GB)
Files Modified: 7 (-0.09599 GB)
-------------------
details of each directory

Timestamp: 2025-02-26 00:40:05.362940+00:00
Directory: /info
Total Files: 62
Current Space Used: 7.15791 GB
Files Added: 2 (0.24262 GB)
Files Deleted: 1 (0.27761 GB)
Files Modified: 1 (0.00023 GB)
-------------------
details of each directory

Timestamp: 2025-02-26 00:40:05.362940+00:00
Directory: /scratch
Total Files: 137
Current Space Used: 5.38792 GB
Files Added: 3 (0.00586 GB)
Files Deleted: 2 (0.00084 GB)
Files Modified: 4 (-0.0257 GB)
-------------------
details of each directory

Timestamp: 2025-02-26 00:40:05.362940+00:00
Directory: /projects
Total Files: 35
Current Space Used: 1.14438 GB
Files Added: 5 (0.02792 GB)
Files Deleted: 1 (0.07129 GB)
Files Modified: 1 (0.0005 GB)
-------------------
details of each directory

Timestamp: 2025-02-26 00:40:05.362940+00:00
Directory: /customers
Total Files: 98
Current Space Used: 1.79754 GB
Files Added: 6 (0.04865 GB)
Files Deleted: 5 (0.34042 GB)
Files Modified: 6 (-0.03578 GB)
-------------------
details of each directory

Timestamp: 2025-02-26 00:50:04.848614+00:00
Directory: /info
Total Files: 65
Current Space Used: 7.23146 GB
Files Added: 5 (0.08001 GB)
Files Deleted: 2 (0.00488 GB)
Files Modified: 3 (-0.00157 GB)
-------------------
details of each directory

Timestamp: 2025-02-26 00:50:04.848614+00:00
Directory: /scratch
Total Files: 139
Current Space Used: 5.55714 GB
Files Added: 4 (0.17223 GB)
Files Deleted: 2 (0.00288 GB)
Files Modified: 1 (-0.00013 GB)
-------------------
details of each directory

Timestamp: 2025-02-26 00:50:04.848614+00:00
Directory: /projects
Total Files: 37
Current Space Used: 1.14852 GB
Files Added: 3 (0.00391 GB)
Files Deleted: 1 (8e-05 GB)
Files Modified: 2 (0.0003 GB)
-------------------
details of each directory

Timestamp: 2025-02-26 00:50:04.848614+00:00
Directory: /customers
Total Files: 98
Current Space Used: 1.78876 GB
Files Added: 4 (0.00788 GB)
Files Deleted: 4 (0.00065 GB)
Files Modified: 4 (-0.016 GB)
-------------------
details of each directory

Timestamp: 2025-02-26 01:00:04.739654+00:00
Directory: /info
Total Files: 69
Current Space Used: 7.01676 GB
Files Added: 4 (0.09211 GB)
Files Deleted: 0 (0.0 GB)
Files Modified: 5 (-0.30681 GB)
-------------------
details of each directory

Timestamp: 2025-02-26 01:00:04.739654+00:00
Directory: /scratch
Total Files: 143
Current Space Used: 5.35993 GB
Files Added: 6 (0.48379 GB)
Files Deleted: 2 (0.67906 GB)
Files Modified: 1 (-0.00194 GB)
-------------------
details of each directory

Timestamp: 2025-02-26 01:00:04.739654+00:00
Directory: /projects
Total Files: 40
Current Space Used: 1.15395 GB
Files Added: 3 (0.00434 GB)
Files Deleted: 0 (0.0 GB)
Files Modified: 2 (0.0011 GB)
-------------------
details of each directory

Timestamp: 2025-02-26 01:00:04.739654+00:00
Directory: /customers
Total Files: 101
Current Space Used: 2.54617 GB
Files Added: 6 (0.79689 GB)
Files Deleted: 3 (0.00483 GB)
Files Modified: 4 (-0.03465 GB)
-------------------
